[0.080s] DEBUG:colcon:Command line arguments: ['/usr/bin/colcon', 'build', '--symlink-install']
[0.080s] DEBUG:colcon:Parsed command line arguments: Namespace(log_base=None, log_level=None, verb_name='build', build_base='build', install_base='install', merge_install=False, symlink_install=True, test_result_base=None, continue_on_error=False, executor='parallel', parallel_workers=12, event_handlers=None, ignore_user_meta=False, metas=['./colcon.meta'], base_paths=['.'], packages_ignore=None, packages_ignore_regex=None, paths=None, packages_up_to=None, packages_up_to_regex=None, packages_above=None, packages_above_and_dependencies=None, packages_above_depth=None, packages_select_by_dep=None, packages_skip_by_dep=None, packages_skip_up_to=None, packages_select_build_failed=False, packages_skip_build_finished=False, packages_select_test_failures=False, packages_skip_test_passed=False, packages_select=None, packages_skip=None, packages_select_regex=None, packages_skip_regex=None, packages_start=None, packages_end=None, allow_overriding=[], cmake_args=None, cmake_target=None, cmake_target_skip_unavailable=False, cmake_clean_cache=False, cmake_clean_first=False, cmake_force_configure=False, ament_cmake_args=None, catkin_cmake_args=None, catkin_skip_building_tests=False, mixin_files=None, mixin=None, verb_parser=<colcon_mixin.mixin.mixin_argument.MixinArgumentDecorator object at 0x7cee1900b430>, verb_extension=<colcon_core.verb.build.BuildVerb object at 0x7cee1900aec0>, main=<bound method BuildVerb.main of <colcon_core.verb.build.BuildVerb object at 0x7cee1900aec0>>, mixin_verb=('build',))
[0.216s] Level 1:colcon.colcon_core.package_discovery:discover_packages(colcon_meta) check parameters
[0.216s] Level 1:colcon.colcon_core.package_discovery:discover_packages(recursive) check parameters
[0.216s] Level 1:colcon.colcon_core.package_discovery:discover_packages(ignore) check parameters
[0.216s] Level 1:colcon.colcon_core.package_discovery:discover_packages(path) check parameters
[0.216s] Level 1:colcon.colcon_core.package_discovery:discover_packages(colcon_meta) discover
[0.216s] Level 1:colcon.colcon_core.package_discovery:discover_packages(recursive) discover
[0.216s] INFO:colcon.colcon_core.package_discovery:Crawling recursively for packages in '/home/daniel/articubot_one'
[0.216s] Level 1:colcon.colcon_core.package_identification:_identify(.) by extensions ['ignore', 'ignore_ament_install']
[0.216s] Level 1:colcon.colcon_core.package_identification:_identify(.) by extension 'ignore'
[0.216s] Level 1:colcon.colcon_core.package_identification:_identify(.) by extension 'ignore_ament_install'
[0.216s] Level 1:colcon.colcon_core.package_identification:_identify(.) by extensions ['colcon_pkg']
[0.216s] Level 1:colcon.colcon_core.package_identification:_identify(.) by extension 'colcon_pkg'
[0.216s] Level 1:colcon.colcon_core.package_identification:_identify(.) by extensions ['colcon_meta']
[0.217s] Level 1:colcon.colcon_core.package_identification:_identify(.) by extension 'colcon_meta'
[0.217s] Level 1:colcon.colcon_core.package_identification:_identify(.) by extensions ['ros']
[0.217s] Level 1:colcon.colcon_core.package_identification:_identify(.) by extension 'ros'
[0.236s] DEBUG:colcon.colcon_core.package_identification:Package '.' with type 'ros.ament_cmake' and name 'articubot_one'
[0.236s] Level 1:colcon.colcon_core.package_discovery:discover_packages(recursive) using defaults
[0.236s] Level 1:colcon.colcon_core.package_discovery:discover_packages(ignore) discover
[0.236s] Level 1:colcon.colcon_core.package_discovery:discover_packages(ignore) using defaults
[0.236s] Level 1:colcon.colcon_core.package_discovery:discover_packages(path) discover
[0.236s] Level 1:colcon.colcon_core.package_discovery:discover_packages(path) using defaults
[0.250s] Level 1:colcon.colcon_core.package_discovery:discover_packages(prefix_path) check parameters
[0.250s] Level 1:colcon.colcon_core.package_discovery:discover_packages(prefix_path) discover
[0.251s] DEBUG:colcon.colcon_installed_package_information.package_discovery:Found 1 installed packages in /home/daniel/articubot_one/install
[0.253s] DEBUG:colcon.colcon_installed_package_information.package_discovery:Found 489 installed packages in /opt/ros/humble
[0.255s] Level 1:colcon.colcon_core.package_discovery:discover_packages(prefix_path) using defaults
[0.296s] Level 5:colcon.colcon_core.verb:set package 'articubot_one' build argument 'cmake_args' from command line to 'None'
[0.296s] Level 5:colcon.colcon_core.verb:set package 'articubot_one' build argument 'cmake_target' from command line to 'None'
[0.296s] Level 5:colcon.colcon_core.verb:set package 'articubot_one' build argument 'cmake_target_skip_unavailable' from command line to 'False'
[0.296s] Level 5:colcon.colcon_core.verb:set package 'articubot_one' build argument 'cmake_clean_cache' from command line to 'False'
[0.296s] Level 5:colcon.colcon_core.verb:set package 'articubot_one' build argument 'cmake_clean_first' from command line to 'False'
[0.296s] Level 5:colcon.colcon_core.verb:set package 'articubot_one' build argument 'cmake_force_configure' from command line to 'False'
[0.296s] Level 5:colcon.colcon_core.verb:set package 'articubot_one' build argument 'ament_cmake_args' from command line to 'None'
[0.296s] Level 5:colcon.colcon_core.verb:set package 'articubot_one' build argument 'catkin_cmake_args' from command line to 'None'
[0.296s] Level 5:colcon.colcon_core.verb:set package 'articubot_one' build argument 'catkin_skip_building_tests' from command line to 'False'
[0.296s] DEBUG:colcon.colcon_core.verb:Building package 'articubot_one' with the following arguments: {'ament_cmake_args': None, 'build_base': '/home/daniel/articubot_one/build/articubot_one', 'catkin_cmake_args': None, 'catkin_skip_building_tests': False, 'cmake_args': None, 'cmake_clean_cache': False, 'cmake_clean_first': False, 'cmake_force_configure': False, 'cmake_target': None, 'cmake_target_skip_unavailable': False, 'install_base': '/home/daniel/articubot_one/install/articubot_one', 'merge_install': False, 'path': '/home/daniel/articubot_one', 'symlink_install': True, 'test_result_base': None}
[0.296s] INFO:colcon.colcon_core.executor:Executing jobs using 'parallel' executor
[0.297s] DEBUG:colcon.colcon_parallel_executor.executor.parallel:run_until_complete
[0.297s] INFO:colcon.colcon_ros.task.ament_cmake.build:Building ROS package in '/home/daniel/articubot_one' with build type 'ament_cmake'
[0.297s] INFO:colcon.colcon_cmake.task.cmake.build:Building CMake package in '/home/daniel/articubot_one'
[0.298s] INFO:colcon.colcon_core.plugin_system:Skipping extension 'colcon_core.shell.bat': Not used on non-Windows systems
[0.299s] INFO:colcon.colcon_core.shell:Skip shell extension 'powershell' for command environment: Not usable outside of PowerShell
[0.299s] DEBUG:colcon.colcon_core.shell:Skip shell extension 'dsv' for command environment
[0.307s] DEBUG:colcon.colcon_core.event_handler.log_command:Invoking command in '/home/daniel/articubot_one/build/articubot_one': CMAKE_PREFIX_PATH=${CMAKE_PREFIX_PATH}:/opt/ros/humble /usr/bin/cmake /home/daniel/articubot_one -DAMENT_CMAKE_SYMLINK_INSTALL=1 -DCMAKE_INSTALL_PREFIX=/home/daniel/articubot_one/install/articubot_one
[0.538s] DEBUG:colcon.colcon_core.event_handler.log_command:Invoked command in '/home/daniel/articubot_one/build/articubot_one' returned '0': CMAKE_PREFIX_PATH=${CMAKE_PREFIX_PATH}:/opt/ros/humble /usr/bin/cmake /home/daniel/articubot_one -DAMENT_CMAKE_SYMLINK_INSTALL=1 -DCMAKE_INSTALL_PREFIX=/home/daniel/articubot_one/install/articubot_one
[0.540s] DEBUG:colcon.colcon_core.event_handler.log_command:Invoking command in '/home/daniel/articubot_one/build/articubot_one': CMAKE_PREFIX_PATH=${CMAKE_PREFIX_PATH}:/opt/ros/humble /usr/bin/cmake --build /home/daniel/articubot_one/build/articubot_one -- -j12 -l12
[0.579s] DEBUG:colcon.colcon_core.event_handler.log_command:Invoked command in '/home/daniel/articubot_one/build/articubot_one' returned '0': CMAKE_PREFIX_PATH=${CMAKE_PREFIX_PATH}:/opt/ros/humble /usr/bin/cmake --build /home/daniel/articubot_one/build/articubot_one -- -j12 -l12
[0.590s] DEBUG:colcon.colcon_core.event_handler.log_command:Invoking command in '/home/daniel/articubot_one/build/articubot_one': CMAKE_PREFIX_PATH=${CMAKE_PREFIX_PATH}:/opt/ros/humble /usr/bin/cmake --install /home/daniel/articubot_one/build/articubot_one
[1.075s] Level 1:colcon.colcon_core.environment:create_environment_scripts_only(articubot_one)
[1.076s] DEBUG:colcon.colcon_core.event_handler.log_command:Invoked command in '/home/daniel/articubot_one/build/articubot_one' returned '0': CMAKE_PREFIX_PATH=${CMAKE_PREFIX_PATH}:/opt/ros/humble /usr/bin/cmake --install /home/daniel/articubot_one/build/articubot_one
[1.078s] Level 1:colcon.colcon_core.environment:checking '/home/daniel/articubot_one/install/articubot_one' for CMake module files
[1.078s] Level 1:colcon.colcon_core.environment:checking '/home/daniel/articubot_one/install/articubot_one' for CMake config files
[1.078s] Level 1:colcon.colcon_core.shell:create_environment_hook('articubot_one', 'cmake_prefix_path')
[1.079s] INFO:colcon.colcon_core.shell:Creating environment hook '/home/daniel/articubot_one/install/articubot_one/share/articubot_one/hook/cmake_prefix_path.ps1'
[1.079s] INFO:colcon.colcon_core.shell:Creating environment descriptor '/home/daniel/articubot_one/install/articubot_one/share/articubot_one/hook/cmake_prefix_path.dsv'
[1.080s] INFO:colcon.colcon_core.shell:Creating environment hook '/home/daniel/articubot_one/install/articubot_one/share/articubot_one/hook/cmake_prefix_path.sh'
[1.080s] Level 1:colcon.colcon_core.environment:checking '/home/daniel/articubot_one/install/articubot_one/lib'
[1.080s] Level 1:colcon.colcon_core.environment:checking '/home/daniel/articubot_one/install/articubot_one/bin'
[1.080s] Level 1:colcon.colcon_core.environment:checking '/home/daniel/articubot_one/install/articubot_one/lib/pkgconfig/articubot_one.pc'
[1.080s] Level 1:colcon.colcon_core.environment:checking '/home/daniel/articubot_one/install/articubot_one/lib/python3.10/site-packages'
[1.081s] Level 1:colcon.colcon_core.environment:checking '/home/daniel/articubot_one/install/articubot_one/bin'
[1.081s] INFO:colcon.colcon_core.shell:Creating package script '/home/daniel/articubot_one/install/articubot_one/share/articubot_one/package.ps1'
[1.081s] INFO:colcon.colcon_core.shell:Creating package descriptor '/home/daniel/articubot_one/install/articubot_one/share/articubot_one/package.dsv'
[1.082s] INFO:colcon.colcon_core.shell:Creating package script '/home/daniel/articubot_one/install/articubot_one/share/articubot_one/package.sh'
[1.082s] INFO:colcon.colcon_core.shell:Creating package script '/home/daniel/articubot_one/install/articubot_one/share/articubot_one/package.bash'
[1.083s] INFO:colcon.colcon_core.shell:Creating package script '/home/daniel/articubot_one/install/articubot_one/share/articubot_one/package.zsh'
[1.083s] Level 1:colcon.colcon_core.environment:create_file_with_runtime_dependencies(/home/daniel/articubot_one/install/articubot_one/share/colcon-core/packages/articubot_one)
[1.083s] Level 1:colcon.colcon_core.environment:create_environment_scripts_only(articubot_one)
[1.084s] Level 1:colcon.colcon_core.environment:checking '/home/daniel/articubot_one/install/articubot_one' for CMake module files
[1.084s] Level 1:colcon.colcon_core.environment:checking '/home/daniel/articubot_one/install/articubot_one' for CMake config files
[1.084s] Level 1:colcon.colcon_core.shell:create_environment_hook('articubot_one', 'cmake_prefix_path')
[1.084s] INFO:colcon.colcon_core.shell:Creating environment hook '/home/daniel/articubot_one/install/articubot_one/share/articubot_one/hook/cmake_prefix_path.ps1'
[1.088s] INFO:colcon.colcon_core.shell:Creating environment descriptor '/home/daniel/articubot_one/install/articubot_one/share/articubot_one/hook/cmake_prefix_path.dsv'
[1.088s] INFO:colcon.colcon_core.shell:Creating environment hook '/home/daniel/articubot_one/install/articubot_one/share/articubot_one/hook/cmake_prefix_path.sh'
[1.089s] Level 1:colcon.colcon_core.environment:checking '/home/daniel/articubot_one/install/articubot_one/lib'
[1.089s] Level 1:colcon.colcon_core.environment:checking '/home/daniel/articubot_one/install/articubot_one/bin'
[1.089s] Level 1:colcon.colcon_core.environment:checking '/home/daniel/articubot_one/install/articubot_one/lib/pkgconfig/articubot_one.pc'
[1.089s] Level 1:colcon.colcon_core.environment:checking '/home/daniel/articubot_one/install/articubot_one/lib/python3.10/site-packages'
[1.089s] Level 1:colcon.colcon_core.environment:checking '/home/daniel/articubot_one/install/articubot_one/bin'
[1.090s] INFO:colcon.colcon_core.shell:Creating package script '/home/daniel/articubot_one/install/articubot_one/share/articubot_one/package.ps1'
[1.090s] INFO:colcon.colcon_core.shell:Creating package descriptor '/home/daniel/articubot_one/install/articubot_one/share/articubot_one/package.dsv'
[1.090s] INFO:colcon.colcon_core.shell:Creating package script '/home/daniel/articubot_one/install/articubot_one/share/articubot_one/package.sh'
[1.090s] INFO:colcon.colcon_core.shell:Creating package script '/home/daniel/articubot_one/install/articubot_one/share/articubot_one/package.bash'
[1.091s] INFO:colcon.colcon_core.shell:Creating package script '/home/daniel/articubot_one/install/articubot_one/share/articubot_one/package.zsh'
[1.091s] Level 1:colcon.colcon_core.environment:create_file_with_runtime_dependencies(/home/daniel/articubot_one/install/articubot_one/share/colcon-core/packages/articubot_one)
[1.091s] DEBUG:colcon.colcon_parallel_executor.executor.parallel:closing loop
[1.091s] DEBUG:colcon.colcon_parallel_executor.executor.parallel:loop closed
[1.091s] DEBUG:colcon.colcon_parallel_executor.executor.parallel:run_until_complete finished with '0'
[1.091s] DEBUG:colcon.colcon_core.event_reactor:joining thread
[1.096s] INFO:colcon.colcon_core.plugin_system:Skipping extension 'colcon_notification.desktop_notification.terminal_notifier': Not used on non-Darwin systems
[1.096s] INFO:colcon.colcon_core.plugin_system:Skipping extension 'colcon_notification.desktop_notification.win32': Not used on non-Windows systems
[1.096s] INFO:colcon.colcon_notification.desktop_notification:Sending desktop notification using 'notify2'
[1.106s] DEBUG:colcon.colcon_core.event_reactor:joined thread
[1.106s] INFO:colcon.colcon_core.shell:Creating prefix script '/home/daniel/articubot_one/install/local_setup.ps1'
[1.107s] INFO:colcon.colcon_core.shell:Creating prefix util module '/home/daniel/articubot_one/install/_local_setup_util_ps1.py'
[1.108s] INFO:colcon.colcon_core.shell:Creating prefix chain script '/home/daniel/articubot_one/install/setup.ps1'
[1.109s] INFO:colcon.colcon_core.shell:Creating prefix script '/home/daniel/articubot_one/install/local_setup.sh'
[1.109s] INFO:colcon.colcon_core.shell:Creating prefix util module '/home/daniel/articubot_one/install/_local_setup_util_sh.py'
[1.110s] INFO:colcon.colcon_core.shell:Creating prefix chain script '/home/daniel/articubot_one/install/setup.sh'
[1.111s] INFO:colcon.colcon_core.shell:Creating prefix script '/home/daniel/articubot_one/install/local_setup.bash'
[1.111s] INFO:colcon.colcon_core.shell:Creating prefix chain script '/home/daniel/articubot_one/install/setup.bash'
[1.112s] INFO:colcon.colcon_core.shell:Creating prefix script '/home/daniel/articubot_one/install/local_setup.zsh'
[1.112s] INFO:colcon.colcon_core.shell:Creating prefix chain script '/home/daniel/articubot_one/install/setup.zsh'
