[0.079s] DEBUG:colcon:Command line arguments: ['/usr/bin/colcon', 'build']
[0.080s] DEBUG:colcon:Parsed command line arguments: Namespace(log_base=None, log_level=None, verb_name='build', build_base='build', install_base='install', merge_install=False, symlink_install=False, test_result_base=None, continue_on_error=False, executor='parallel', parallel_workers=12, event_handlers=None, ignore_user_meta=False, metas=['./colcon.meta'], base_paths=['.'], packages_ignore=None, packages_ignore_regex=None, paths=None, packages_up_to=None, packages_up_to_regex=None, packages_above=None, packages_above_and_dependencies=None, packages_above_depth=None, packages_select_by_dep=None, packages_skip_by_dep=None, packages_skip_up_to=None, packages_select_build_failed=False, packages_skip_build_finished=False, packages_select_test_failures=False, packages_skip_test_passed=False, packages_select=None, packages_skip=None, packages_select_regex=None, packages_skip_regex=None, packages_start=None, packages_end=None, allow_overriding=[], cmake_args=None, cmake_target=None, cmake_target_skip_unavailable=False, cmake_clean_cache=False, cmake_clean_first=False, cmake_force_configure=False, ament_cmake_args=None, catkin_cmake_args=None, catkin_skip_building_tests=False, mixin_files=None, mixin=None, verb_parser=<colcon_mixin.mixin.mixin_argument.MixinArgumentDecorator object at 0x76eddc70f490>, verb_extension=<colcon_core.verb.build.BuildVerb object at 0x76eddc70ef20>, main=<bound method BuildVerb.main of <colcon_core.verb.build.BuildVerb object at 0x76eddc70ef20>>, mixin_verb=('build',))
[0.215s] Level 1:colcon.colcon_core.package_discovery:discover_packages(colcon_meta) check parameters
[0.215s] Level 1:colcon.colcon_core.package_discovery:discover_packages(recursive) check parameters
[0.215s] Level 1:colcon.colcon_core.package_discovery:discover_packages(ignore) check parameters
[0.215s] Level 1:colcon.colcon_core.package_discovery:discover_packages(path) check parameters
[0.215s] Level 1:colcon.colcon_core.package_discovery:discover_packages(colcon_meta) discover
[0.215s] Level 1:colcon.colcon_core.package_discovery:discover_packages(recursive) discover
[0.215s] INFO:colcon.colcon_core.package_discovery:Crawling recursively for packages in '/home/daniel/vr_usv'
[0.215s] Level 1:colcon.colcon_core.package_identification:_identify(.) by extensions ['ignore', 'ignore_ament_install']
[0.215s] Level 1:colcon.colcon_core.package_identification:_identify(.) by extension 'ignore'
[0.215s] Level 1:colcon.colcon_core.package_identification:_identify(.) by extension 'ignore_ament_install'
[0.215s] Level 1:colcon.colcon_core.package_identification:_identify(.) by extensions ['colcon_pkg']
[0.215s] Level 1:colcon.colcon_core.package_identification:_identify(.) by extension 'colcon_pkg'
[0.216s] Level 1:colcon.colcon_core.package_identification:_identify(.) by extensions ['colcon_meta']
[0.216s] Level 1:colcon.colcon_core.package_identification:_identify(.) by extension 'colcon_meta'
[0.216s] Level 1:colcon.colcon_core.package_identification:_identify(.) by extensions ['ros']
[0.216s] Level 1:colcon.colcon_core.package_identification:_identify(.) by extension 'ros'
[0.233s] DEBUG:colcon.colcon_core.package_identification:Package '.' with type 'ros.ament_cmake' and name 'vr_usv'
[0.233s] Level 1:colcon.colcon_core.package_discovery:discover_packages(recursive) using defaults
[0.233s] Level 1:colcon.colcon_core.package_discovery:discover_packages(ignore) discover
[0.233s] Level 1:colcon.colcon_core.package_discovery:discover_packages(ignore) using defaults
[0.233s] Level 1:colcon.colcon_core.package_discovery:discover_packages(path) discover
[0.233s] Level 1:colcon.colcon_core.package_discovery:discover_packages(path) using defaults
[0.247s] Level 1:colcon.colcon_core.package_discovery:discover_packages(prefix_path) check parameters
[0.247s] Level 1:colcon.colcon_core.package_discovery:discover_packages(prefix_path) discover
[0.249s] DEBUG:colcon.colcon_installed_package_information.package_discovery:Found 489 installed packages in /opt/ros/humble
[0.251s] Level 1:colcon.colcon_core.package_discovery:discover_packages(prefix_path) using defaults
[0.291s] Level 5:colcon.colcon_core.verb:set package 'vr_usv' build argument 'cmake_args' from command line to 'None'
[0.291s] Level 5:colcon.colcon_core.verb:set package 'vr_usv' build argument 'cmake_target' from command line to 'None'
[0.291s] Level 5:colcon.colcon_core.verb:set package 'vr_usv' build argument 'cmake_target_skip_unavailable' from command line to 'False'
[0.291s] Level 5:colcon.colcon_core.verb:set package 'vr_usv' build argument 'cmake_clean_cache' from command line to 'False'
[0.291s] Level 5:colcon.colcon_core.verb:set package 'vr_usv' build argument 'cmake_clean_first' from command line to 'False'
[0.291s] Level 5:colcon.colcon_core.verb:set package 'vr_usv' build argument 'cmake_force_configure' from command line to 'False'
[0.291s] Level 5:colcon.colcon_core.verb:set package 'vr_usv' build argument 'ament_cmake_args' from command line to 'None'
[0.291s] Level 5:colcon.colcon_core.verb:set package 'vr_usv' build argument 'catkin_cmake_args' from command line to 'None'
[0.291s] Level 5:colcon.colcon_core.verb:set package 'vr_usv' build argument 'catkin_skip_building_tests' from command line to 'False'
[0.291s] DEBUG:colcon.colcon_core.verb:Building package 'vr_usv' with the following arguments: {'ament_cmake_args': None, 'build_base': '/home/daniel/vr_usv/build/vr_usv', 'catkin_cmake_args': None, 'catkin_skip_building_tests': False, 'cmake_args': None, 'cmake_clean_cache': False, 'cmake_clean_first': False, 'cmake_force_configure': False, 'cmake_target': None, 'cmake_target_skip_unavailable': False, 'install_base': '/home/daniel/vr_usv/install/vr_usv', 'merge_install': False, 'path': '/home/daniel/vr_usv', 'symlink_install': False, 'test_result_base': None}
[0.291s] INFO:colcon.colcon_core.executor:Executing jobs using 'parallel' executor
[0.292s] DEBUG:colcon.colcon_parallel_executor.executor.parallel:run_until_complete
[0.292s] INFO:colcon.colcon_ros.task.ament_cmake.build:Building ROS package in '/home/daniel/vr_usv' with build type 'ament_cmake'
[0.293s] INFO:colcon.colcon_cmake.task.cmake.build:Building CMake package in '/home/daniel/vr_usv'
[0.294s] INFO:colcon.colcon_core.plugin_system:Skipping extension 'colcon_core.shell.bat': Not used on non-Windows systems
[0.294s] INFO:colcon.colcon_core.shell:Skip shell extension 'powershell' for command environment: Not usable outside of PowerShell
[0.294s] DEBUG:colcon.colcon_core.shell:Skip shell extension 'dsv' for command environment
[0.303s] DEBUG:colcon.colcon_core.event_handler.log_command:Invoking command in '/home/daniel/vr_usv/build/vr_usv': CMAKE_PREFIX_PATH=/opt/ros/humble /usr/bin/cmake --build /home/daniel/vr_usv/build/vr_usv -- -j12 -l12
[0.340s] DEBUG:colcon.colcon_core.event_handler.log_command:Invoked command in '/home/daniel/vr_usv/build/vr_usv' returned '0': CMAKE_PREFIX_PATH=/opt/ros/humble /usr/bin/cmake --build /home/daniel/vr_usv/build/vr_usv -- -j12 -l12
[0.349s] DEBUG:colcon.colcon_core.event_handler.log_command:Invoking command in '/home/daniel/vr_usv/build/vr_usv': CMAKE_PREFIX_PATH=/opt/ros/humble /usr/bin/cmake --install /home/daniel/vr_usv/build/vr_usv
[0.358s] Level 1:colcon.colcon_core.environment:create_environment_scripts_only(vr_usv)
[0.360s] DEBUG:colcon.colcon_core.event_handler.log_command:Invoked command in '/home/daniel/vr_usv/build/vr_usv' returned '0': CMAKE_PREFIX_PATH=/opt/ros/humble /usr/bin/cmake --install /home/daniel/vr_usv/build/vr_usv
[0.361s] Level 1:colcon.colcon_core.environment:checking '/home/daniel/vr_usv/install/vr_usv' for CMake module files
[0.361s] Level 1:colcon.colcon_core.environment:checking '/home/daniel/vr_usv/install/vr_usv' for CMake config files
[0.361s] Level 1:colcon.colcon_core.shell:create_environment_hook('vr_usv', 'cmake_prefix_path')
[0.362s] INFO:colcon.colcon_core.shell:Creating environment hook '/home/daniel/vr_usv/install/vr_usv/share/vr_usv/hook/cmake_prefix_path.ps1'
[0.362s] INFO:colcon.colcon_core.shell:Creating environment descriptor '/home/daniel/vr_usv/install/vr_usv/share/vr_usv/hook/cmake_prefix_path.dsv'
[0.362s] INFO:colcon.colcon_core.shell:Creating environment hook '/home/daniel/vr_usv/install/vr_usv/share/vr_usv/hook/cmake_prefix_path.sh'
[0.363s] Level 1:colcon.colcon_core.environment:checking '/home/daniel/vr_usv/install/vr_usv/lib'
[0.363s] Level 1:colcon.colcon_core.environment:checking '/home/daniel/vr_usv/install/vr_usv/bin'
[0.363s] Level 1:colcon.colcon_core.environment:checking '/home/daniel/vr_usv/install/vr_usv/lib/pkgconfig/vr_usv.pc'
[0.363s] Level 1:colcon.colcon_core.environment:checking '/home/daniel/vr_usv/install/vr_usv/lib/python3.10/site-packages'
[0.363s] Level 1:colcon.colcon_core.environment:checking '/home/daniel/vr_usv/install/vr_usv/bin'
[0.364s] INFO:colcon.colcon_core.shell:Creating package script '/home/daniel/vr_usv/install/vr_usv/share/vr_usv/package.ps1'
[0.364s] INFO:colcon.colcon_core.shell:Creating package descriptor '/home/daniel/vr_usv/install/vr_usv/share/vr_usv/package.dsv'
[0.365s] INFO:colcon.colcon_core.shell:Creating package script '/home/daniel/vr_usv/install/vr_usv/share/vr_usv/package.sh'
[0.365s] INFO:colcon.colcon_core.shell:Creating package script '/home/daniel/vr_usv/install/vr_usv/share/vr_usv/package.bash'
[0.366s] INFO:colcon.colcon_core.shell:Creating package script '/home/daniel/vr_usv/install/vr_usv/share/vr_usv/package.zsh'
[0.366s] Level 1:colcon.colcon_core.environment:create_file_with_runtime_dependencies(/home/daniel/vr_usv/install/vr_usv/share/colcon-core/packages/vr_usv)
[0.366s] Level 1:colcon.colcon_core.environment:create_environment_scripts_only(vr_usv)
[0.367s] Level 1:colcon.colcon_core.environment:checking '/home/daniel/vr_usv/install/vr_usv' for CMake module files
[0.367s] Level 1:colcon.colcon_core.environment:checking '/home/daniel/vr_usv/install/vr_usv' for CMake config files
[0.367s] Level 1:colcon.colcon_core.shell:create_environment_hook('vr_usv', 'cmake_prefix_path')
[0.367s] INFO:colcon.colcon_core.shell:Creating environment hook '/home/daniel/vr_usv/install/vr_usv/share/vr_usv/hook/cmake_prefix_path.ps1'
[0.367s] INFO:colcon.colcon_core.shell:Creating environment descriptor '/home/daniel/vr_usv/install/vr_usv/share/vr_usv/hook/cmake_prefix_path.dsv'
[0.368s] INFO:colcon.colcon_core.shell:Creating environment hook '/home/daniel/vr_usv/install/vr_usv/share/vr_usv/hook/cmake_prefix_path.sh'
[0.368s] Level 1:colcon.colcon_core.environment:checking '/home/daniel/vr_usv/install/vr_usv/lib'
[0.368s] Level 1:colcon.colcon_core.environment:checking '/home/daniel/vr_usv/install/vr_usv/bin'
[0.368s] Level 1:colcon.colcon_core.environment:checking '/home/daniel/vr_usv/install/vr_usv/lib/pkgconfig/vr_usv.pc'
[0.368s] Level 1:colcon.colcon_core.environment:checking '/home/daniel/vr_usv/install/vr_usv/lib/python3.10/site-packages'
[0.368s] Level 1:colcon.colcon_core.environment:checking '/home/daniel/vr_usv/install/vr_usv/bin'
[0.369s] INFO:colcon.colcon_core.shell:Creating package script '/home/daniel/vr_usv/install/vr_usv/share/vr_usv/package.ps1'
[0.369s] INFO:colcon.colcon_core.shell:Creating package descriptor '/home/daniel/vr_usv/install/vr_usv/share/vr_usv/package.dsv'
[0.369s] INFO:colcon.colcon_core.shell:Creating package script '/home/daniel/vr_usv/install/vr_usv/share/vr_usv/package.sh'
[0.370s] INFO:colcon.colcon_core.shell:Creating package script '/home/daniel/vr_usv/install/vr_usv/share/vr_usv/package.bash'
[0.370s] INFO:colcon.colcon_core.shell:Creating package script '/home/daniel/vr_usv/install/vr_usv/share/vr_usv/package.zsh'
[0.370s] Level 1:colcon.colcon_core.environment:create_file_with_runtime_dependencies(/home/daniel/vr_usv/install/vr_usv/share/colcon-core/packages/vr_usv)
[0.370s] DEBUG:colcon.colcon_parallel_executor.executor.parallel:closing loop
[0.370s] DEBUG:colcon.colcon_parallel_executor.executor.parallel:loop closed
[0.370s] DEBUG:colcon.colcon_parallel_executor.executor.parallel:run_until_complete finished with '0'
[0.370s] DEBUG:colcon.colcon_core.event_reactor:joining thread
[0.375s] INFO:colcon.colcon_core.plugin_system:Skipping extension 'colcon_notification.desktop_notification.terminal_notifier': Not used on non-Darwin systems
[0.376s] INFO:colcon.colcon_core.plugin_system:Skipping extension 'colcon_notification.desktop_notification.win32': Not used on non-Windows systems
[0.376s] INFO:colcon.colcon_notification.desktop_notification:Sending desktop notification using 'notify2'
[0.388s] DEBUG:colcon.colcon_core.event_reactor:joined thread
[0.388s] INFO:colcon.colcon_core.shell:Creating prefix script '/home/daniel/vr_usv/install/local_setup.ps1'
[0.389s] INFO:colcon.colcon_core.shell:Creating prefix util module '/home/daniel/vr_usv/install/_local_setup_util_ps1.py'
[0.390s] INFO:colcon.colcon_core.shell:Creating prefix chain script '/home/daniel/vr_usv/install/setup.ps1'
[0.391s] INFO:colcon.colcon_core.shell:Creating prefix script '/home/daniel/vr_usv/install/local_setup.sh'
[0.391s] INFO:colcon.colcon_core.shell:Creating prefix util module '/home/daniel/vr_usv/install/_local_setup_util_sh.py'
[0.392s] INFO:colcon.colcon_core.shell:Creating prefix chain script '/home/daniel/vr_usv/install/setup.sh'
[0.392s] INFO:colcon.colcon_core.shell:Creating prefix script '/home/daniel/vr_usv/install/local_setup.bash'
[0.393s] INFO:colcon.colcon_core.shell:Creating prefix chain script '/home/daniel/vr_usv/install/setup.bash'
[0.393s] INFO:colcon.colcon_core.shell:Creating prefix script '/home/daniel/vr_usv/install/local_setup.zsh'
[0.394s] INFO:colcon.colcon_core.shell:Creating prefix chain script '/home/daniel/vr_usv/install/setup.zsh'
