[0.012s] Invoking command in '/home/daniel/vr_usv/build/vr_usv': CMAKE_PREFIX_PATH=/opt/ros/humble /usr/bin/cmake /home/daniel/vr_usv -DCMAKE_INSTALL_PREFIX=/home/daniel/vr_usv/install/vr_usv
[0.134s] -- The C compiler identification is GNU 11.4.0
[0.214s] -- The CXX compiler identification is GNU 11.4.0
[0.222s] -- Detecting C compiler ABI info
[0.296s] -- Detecting C compiler ABI info - done
[0.301s] -- Check for working C compiler: /usr/bin/cc - skipped
[0.302s] -- Detecting C compile features
[0.302s] -- Detecting C compile features - done
[0.304s] -- Detecting CXX compiler ABI info
[0.377s] -- Detecting CXX compiler ABI info - done
[0.383s] -- Check for working CXX compiler: /usr/bin/c++ - skipped
[0.383s] -- Detecting CXX compile features
[0.383s] -- Detecting CXX compile features - done
[0.387s] -- Found ament_cmake: 1.3.12 (/opt/ros/humble/share/ament_cmake/cmake)
[0.574s] -- Found Python3: /usr/bin/python3 (found version "3.10.12") found components: Interpreter 
[0.649s] -- Found ament_lint_auto: 0.12.14 (/opt/ros/humble/share/ament_lint_auto/cmake)
[0.702s] [31mCMake Error at /opt/ros/humble/share/ament_cmake_core/cmake/core/ament_package_xml.cmake:53 (message):
[0.702s]   ament_package_xml() package name 'vr_usv' in '/package.xml' does not match
[0.702s]   current PROJECT_NAME 'articubot_one'.  You must call project() with the
[0.702s]   same package name before.
[0.702s] Call Stack (most recent call first):
[0.703s]   /opt/ros/humble/share/ament_lint_auto/cmake/ament_lint_auto_find_test_dependencies.cmake:31 (ament_package_xml)
[0.703s]   CMakeLists.txt:32 (ament_lint_auto_find_test_dependencies)
[0.703s] 
[0.703s] [0m
[0.703s] -- Configuring incomplete, errors occurred!
[0.703s] See also "/home/daniel/vr_usv/build/vr_usv/CMakeFiles/CMakeOutput.log".
[0.709s] Invoked command in '/home/daniel/vr_usv/build/vr_usv' returned '1': CMAKE_PREFIX_PATH=/opt/ros/humble /usr/bin/cmake /home/daniel/vr_usv -DCMAKE_INSTALL_PREFIX=/home/daniel/vr_usv/install/vr_usv
