-- Install configuration: ""
-- Up-to-date: /home/daniel/vr_usv/install/vr_usv/share/vr_usv/config
-- Up-to-date: /home/daniel/vr_usv/install/vr_usv/share/vr_usv/config/twist_mux.yaml
-- Up-to-date: /home/daniel/vr_usv/install/vr_usv/share/vr_usv/config/mapper_params_online_async.yaml
-- Up-to-date: /home/daniel/vr_usv/install/vr_usv/share/vr_usv/config/main.rviz
-- Up-to-date: /home/daniel/vr_usv/install/vr_usv/share/vr_usv/config/gaz_ros2_ctl_use_sim.yaml
-- Up-to-date: /home/daniel/vr_usv/install/vr_usv/share/vr_usv/config/joystick.yaml
-- Up-to-date: /home/daniel/vr_usv/install/vr_usv/share/vr_usv/config/empty.yaml
-- Up-to-date: /home/daniel/vr_usv/install/vr_usv/share/vr_usv/config/ball_tracker_params_robot.yaml
-- Up-to-date: /home/daniel/vr_usv/install/vr_usv/share/vr_usv/config/drive_bot.rviz
-- Up-to-date: /home/daniel/vr_usv/install/vr_usv/share/vr_usv/config/gazebo_params.yaml
-- Up-to-date: /home/daniel/vr_usv/install/vr_usv/share/vr_usv/config/nav2_params.yaml
-- Up-to-date: /home/daniel/vr_usv/install/vr_usv/share/vr_usv/config/ball_tracker_params_sim.yaml
-- Up-to-date: /home/daniel/vr_usv/install/vr_usv/share/vr_usv/config/map.rviz
-- Up-to-date: /home/daniel/vr_usv/install/vr_usv/share/vr_usv/config/my_controllers.yaml
-- Up-to-date: /home/daniel/vr_usv/install/vr_usv/share/vr_usv/config/view_bot.rviz
-- Up-to-date: /home/daniel/vr_usv/install/vr_usv/share/vr_usv/description
-- Up-to-date: /home/daniel/vr_usv/install/vr_usv/share/vr_usv/description/cameraL.xacro
-- Up-to-date: /home/daniel/vr_usv/install/vr_usv/share/vr_usv/description/cameraR.xacro
-- Up-to-date: /home/daniel/vr_usv/install/vr_usv/share/vr_usv/description/test.urdf
-- Up-to-date: /home/daniel/vr_usv/install/vr_usv/share/vr_usv/description/face.xacro
-- Up-to-date: /home/daniel/vr_usv/install/vr_usv/share/vr_usv/description/depth_camera.xacro
-- Up-to-date: /home/daniel/vr_usv/install/vr_usv/share/vr_usv/description/robot.urdf.xacro
-- Up-to-date: /home/daniel/vr_usv/install/vr_usv/share/vr_usv/description/robot_core.xacro
-- Up-to-date: /home/daniel/vr_usv/install/vr_usv/share/vr_usv/description/ros2_control.xacro
-- Up-to-date: /home/daniel/vr_usv/install/vr_usv/share/vr_usv/description/gazebo_control.xacro
-- Up-to-date: /home/daniel/vr_usv/install/vr_usv/share/vr_usv/description/lidar.xacro
-- Up-to-date: /home/daniel/vr_usv/install/vr_usv/share/vr_usv/description/inertial_macros.xacro
-- Up-to-date: /home/daniel/vr_usv/install/vr_usv/share/vr_usv/launch
-- Up-to-date: /home/daniel/vr_usv/install/vr_usv/share/vr_usv/launch/navigation_launch.py
-- Up-to-date: /home/daniel/vr_usv/install/vr_usv/share/vr_usv/launch/localization_launch.py
-- Up-to-date: /home/daniel/vr_usv/install/vr_usv/share/vr_usv/launch/camera.launch.py
-- Up-to-date: /home/daniel/vr_usv/install/vr_usv/share/vr_usv/launch/launch_sim.launch.py
-- Up-to-date: /home/daniel/vr_usv/install/vr_usv/share/vr_usv/launch/vr.launch.py
-- Up-to-date: /home/daniel/vr_usv/install/vr_usv/share/vr_usv/launch/ball_tracker.launch.py
-- Up-to-date: /home/daniel/vr_usv/install/vr_usv/share/vr_usv/launch/rsp.launch.py
-- Up-to-date: /home/daniel/vr_usv/install/vr_usv/share/vr_usv/launch/launch_robot.launch.py
-- Up-to-date: /home/daniel/vr_usv/install/vr_usv/share/vr_usv/launch/online_async_launch.py
-- Up-to-date: /home/daniel/vr_usv/install/vr_usv/share/vr_usv/launch/joystick.launch.py
-- Up-to-date: /home/daniel/vr_usv/install/vr_usv/share/vr_usv/launch/rplidar.launch.py
-- Up-to-date: /home/daniel/vr_usv/install/vr_usv/share/vr_usv/worlds
-- Up-to-date: /home/daniel/vr_usv/install/vr_usv/share/vr_usv/worlds/empty.world
-- Up-to-date: /home/daniel/vr_usv/install/vr_usv/share/vr_usv/worlds/obstacles.world
-- Up-to-date: /home/daniel/vr_usv/install/vr_usv/lib/vr_usv/sbs_merger_node.py
-- Up-to-date: /home/daniel/vr_usv/install/vr_usv/share/ament_index/resource_index/package_run_dependencies/vr_usv
-- Up-to-date: /home/daniel/vr_usv/install/vr_usv/share/ament_index/resource_index/parent_prefix_path/vr_usv
-- Up-to-date: /home/daniel/vr_usv/install/vr_usv/share/vr_usv/environment/ament_prefix_path.sh
-- Up-to-date: /home/daniel/vr_usv/install/vr_usv/share/vr_usv/environment/ament_prefix_path.dsv
-- Up-to-date: /home/daniel/vr_usv/install/vr_usv/share/vr_usv/environment/path.sh
-- Up-to-date: /home/daniel/vr_usv/install/vr_usv/share/vr_usv/environment/path.dsv
-- Up-to-date: /home/daniel/vr_usv/install/vr_usv/share/vr_usv/local_setup.bash
-- Up-to-date: /home/daniel/vr_usv/install/vr_usv/share/vr_usv/local_setup.sh
-- Up-to-date: /home/daniel/vr_usv/install/vr_usv/share/vr_usv/local_setup.zsh
-- Up-to-date: /home/daniel/vr_usv/install/vr_usv/share/vr_usv/local_setup.dsv
-- Installing: /home/daniel/vr_usv/install/vr_usv/share/vr_usv/package.dsv
-- Up-to-date: /home/daniel/vr_usv/install/vr_usv/share/ament_index/resource_index/packages/vr_usv
-- Up-to-date: /home/daniel/vr_usv/install/vr_usv/share/vr_usv/cmake/vr_usvConfig.cmake
-- Up-to-date: /home/daniel/vr_usv/install/vr_usv/share/vr_usv/cmake/vr_usvConfig-version.cmake
-- Up-to-date: /home/daniel/vr_usv/install/vr_usv/share/vr_usv/package.xml
