[0.010s] Invoking command in '/home/daniel/vr_usv/build/vr_usv': CMAKE_PREFIX_PATH=/opt/ros/humble /usr/bin/cmake /home/daniel/vr_usv -DCMAKE_INSTALL_PREFIX=/home/daniel/vr_usv/install/vr_usv
[0.061s] -- The C compiler identification is GNU 11.4.0
[0.112s] -- The CXX compiler identification is GNU 11.4.0
[0.119s] -- Detecting C compiler ABI info
[0.191s] -- Detecting C compiler ABI info - done
[0.196s] -- Check for working C compiler: /usr/bin/cc - skipped
[0.197s] -- Detecting C compile features
[0.197s] -- Detecting C compile features - done
[0.200s] -- Detecting CXX compiler ABI info
[0.280s] -- Detecting CXX compiler ABI info - done
[0.285s] -- Check for working CXX compiler: /usr/bin/c++ - skipped
[0.285s] -- Detecting CXX compile features
[0.286s] -- Detecting CXX compile features - done
[0.288s] -- Found ament_cmake: 1.3.12 (/opt/ros/humble/share/ament_cmake/cmake)
[0.417s] -- Found Python3: /usr/bin/python3 (found version "3.10.12") found components: Interpreter 
[0.498s] -- Found ament_lint_auto: 0.12.14 (/opt/ros/humble/share/ament_lint_auto/cmake)
[0.543s] [31mCMake Error at /opt/ros/humble/share/ament_cmake_core/cmake/core/ament_package_xml.cmake:53 (message):
[0.543s]   ament_package_xml() package name 'vr_usv' in '/package.xml' does not match
[0.543s]   current PROJECT_NAME 'articubot_one'.  You must call project() with the
[0.543s]   same package name before.
[0.543s] Call Stack (most recent call first):
[0.543s]   /opt/ros/humble/share/ament_lint_auto/cmake/ament_lint_auto_find_test_dependencies.cmake:31 (ament_package_xml)
[0.543s]   CMakeLists.txt:32 (ament_lint_auto_find_test_dependencies)
[0.543s] 
[0.543s] [0m
[0.543s] -- Configuring incomplete, errors occurred!
[0.543s] See also "/home/daniel/vr_usv/build/vr_usv/CMakeFiles/CMakeOutput.log".
[0.547s] Invoked command in '/home/daniel/vr_usv/build/vr_usv' returned '1': CMAKE_PREFIX_PATH=/opt/ros/humble /usr/bin/cmake /home/daniel/vr_usv -DCMAKE_INSTALL_PREFIX=/home/daniel/vr_usv/install/vr_usv
