[0.010s] Invoking command in '/home/daniel/vr_usv/build/vr_usv': CMAKE_PREFIX_PATH=/opt/ros/humble /usr/bin/cmake --build /home/daniel/vr_usv/build/vr_usv -- -j12 -l12
[0.046s] Invoked command in '/home/daniel/vr_usv/build/vr_usv' returned '0': CMAKE_PREFIX_PATH=/opt/ros/humble /usr/bin/cmake --build /home/daniel/vr_usv/build/vr_usv -- -j12 -l12
[0.054s] Invoking command in '/home/daniel/vr_usv/build/vr_usv': CMAKE_PREFIX_PATH=/opt/ros/humble /usr/bin/cmake --install /home/daniel/vr_usv/build/vr_usv
[0.061s] -- Install configuration: ""
[0.061s] -- Up-to-date: /home/daniel/vr_usv/install/vr_usv/share/vr_usv/config
[0.061s] -- Up-to-date: /home/daniel/vr_usv/install/vr_usv/share/vr_usv/config/twist_mux.yaml
[0.061s] -- Up-to-date: /home/daniel/vr_usv/install/vr_usv/share/vr_usv/config/mapper_params_online_async.yaml
[0.061s] -- Up-to-date: /home/daniel/vr_usv/install/vr_usv/share/vr_usv/config/main.rviz
[0.062s] -- Up-to-date: /home/daniel/vr_usv/install/vr_usv/share/vr_usv/config/gaz_ros2_ctl_use_sim.yaml
[0.062s] -- Up-to-date: /home/daniel/vr_usv/install/vr_usv/share/vr_usv/config/joystick.yaml
[0.062s] -- Up-to-date: /home/daniel/vr_usv/install/vr_usv/share/vr_usv/config/empty.yaml
[0.062s] -- Up-to-date: /home/daniel/vr_usv/install/vr_usv/share/vr_usv/config/ball_tracker_params_robot.yaml
[0.062s] -- Up-to-date: /home/daniel/vr_usv/install/vr_usv/share/vr_usv/config/drive_bot.rviz
[0.062s] -- Up-to-date: /home/daniel/vr_usv/install/vr_usv/share/vr_usv/config/gazebo_params.yaml
[0.062s] -- Up-to-date: /home/daniel/vr_usv/install/vr_usv/share/vr_usv/config/nav2_params.yaml
[0.062s] -- Up-to-date: /home/daniel/vr_usv/install/vr_usv/share/vr_usv/config/ball_tracker_params_sim.yaml
[0.062s] -- Up-to-date: /home/daniel/vr_usv/install/vr_usv/share/vr_usv/config/map.rviz
[0.062s] -- Up-to-date: /home/daniel/vr_usv/install/vr_usv/share/vr_usv/config/my_controllers.yaml
[0.062s] -- Up-to-date: /home/daniel/vr_usv/install/vr_usv/share/vr_usv/config/view_bot.rviz
[0.062s] -- Up-to-date: /home/daniel/vr_usv/install/vr_usv/share/vr_usv/description
[0.062s] -- Up-to-date: /home/daniel/vr_usv/install/vr_usv/share/vr_usv/description/cameraL.xacro
[0.062s] -- Up-to-date: /home/daniel/vr_usv/install/vr_usv/share/vr_usv/description/cameraR.xacro
[0.062s] -- Up-to-date: /home/daniel/vr_usv/install/vr_usv/share/vr_usv/description/test.urdf
[0.062s] -- Up-to-date: /home/daniel/vr_usv/install/vr_usv/share/vr_usv/description/face.xacro
[0.062s] -- Up-to-date: /home/daniel/vr_usv/install/vr_usv/share/vr_usv/description/depth_camera.xacro
[0.062s] -- Up-to-date: /home/daniel/vr_usv/install/vr_usv/share/vr_usv/description/robot.urdf.xacro
[0.062s] -- Up-to-date: /home/daniel/vr_usv/install/vr_usv/share/vr_usv/description/robot_core.xacro
[0.062s] -- Up-to-date: /home/daniel/vr_usv/install/vr_usv/share/vr_usv/description/ros2_control.xacro
[0.062s] -- Up-to-date: /home/daniel/vr_usv/install/vr_usv/share/vr_usv/description/gazebo_control.xacro
[0.062s] -- Up-to-date: /home/daniel/vr_usv/install/vr_usv/share/vr_usv/description/lidar.xacro
[0.062s] -- Up-to-date: /home/daniel/vr_usv/install/vr_usv/share/vr_usv/description/inertial_macros.xacro
[0.062s] -- Up-to-date: /home/daniel/vr_usv/install/vr_usv/share/vr_usv/launch
[0.063s] -- Up-to-date: /home/daniel/vr_usv/install/vr_usv/share/vr_usv/launch/navigation_launch.py
[0.063s] -- Up-to-date: /home/daniel/vr_usv/install/vr_usv/share/vr_usv/launch/localization_launch.py
[0.063s] -- Up-to-date: /home/daniel/vr_usv/install/vr_usv/share/vr_usv/launch/camera.launch.py
[0.063s] -- Up-to-date: /home/daniel/vr_usv/install/vr_usv/share/vr_usv/launch/launch_sim.launch.py
[0.063s] -- Up-to-date: /home/daniel/vr_usv/install/vr_usv/share/vr_usv/launch/vr.launch.py
[0.063s] -- Up-to-date: /home/daniel/vr_usv/install/vr_usv/share/vr_usv/launch/ball_tracker.launch.py
[0.063s] -- Up-to-date: /home/daniel/vr_usv/install/vr_usv/share/vr_usv/launch/rsp.launch.py
[0.063s] -- Up-to-date: /home/daniel/vr_usv/install/vr_usv/share/vr_usv/launch/launch_robot.launch.py
[0.063s] -- Up-to-date: /home/daniel/vr_usv/install/vr_usv/share/vr_usv/launch/online_async_launch.py
[0.063s] -- Up-to-date: /home/daniel/vr_usv/install/vr_usv/share/vr_usv/launch/joystick.launch.py
[0.063s] -- Up-to-date: /home/daniel/vr_usv/install/vr_usv/share/vr_usv/launch/rplidar.launch.py
[0.063s] -- Up-to-date: /home/daniel/vr_usv/install/vr_usv/share/vr_usv/worlds
[0.063s] -- Up-to-date: /home/daniel/vr_usv/install/vr_usv/share/vr_usv/worlds/empty.world
[0.063s] -- Up-to-date: /home/daniel/vr_usv/install/vr_usv/share/vr_usv/worlds/obstacles.world
[0.064s] -- Up-to-date: /home/daniel/vr_usv/install/vr_usv/lib/vr_usv/sbs_merger_node.py
[0.064s] -- Up-to-date: /home/daniel/vr_usv/install/vr_usv/share/ament_index/resource_index/package_run_dependencies/vr_usv
[0.064s] -- Up-to-date: /home/daniel/vr_usv/install/vr_usv/share/ament_index/resource_index/parent_prefix_path/vr_usv
[0.064s] -- Up-to-date: /home/daniel/vr_usv/install/vr_usv/share/vr_usv/environment/ament_prefix_path.sh
[0.064s] -- Up-to-date: /home/daniel/vr_usv/install/vr_usv/share/vr_usv/environment/ament_prefix_path.dsv
[0.064s] -- Up-to-date: /home/daniel/vr_usv/install/vr_usv/share/vr_usv/environment/path.sh
[0.064s] -- Up-to-date: /home/daniel/vr_usv/install/vr_usv/share/vr_usv/environment/path.dsv
[0.064s] -- Up-to-date: /home/daniel/vr_usv/install/vr_usv/share/vr_usv/local_setup.bash
[0.064s] -- Up-to-date: /home/daniel/vr_usv/install/vr_usv/share/vr_usv/local_setup.sh
[0.064s] -- Up-to-date: /home/daniel/vr_usv/install/vr_usv/share/vr_usv/local_setup.zsh
[0.064s] -- Up-to-date: /home/daniel/vr_usv/install/vr_usv/share/vr_usv/local_setup.dsv
[0.064s] -- Installing: /home/daniel/vr_usv/install/vr_usv/share/vr_usv/package.dsv
[0.064s] -- Up-to-date: /home/daniel/vr_usv/install/vr_usv/share/ament_index/resource_index/packages/vr_usv
[0.064s] -- Up-to-date: /home/daniel/vr_usv/install/vr_usv/share/vr_usv/cmake/vr_usvConfig.cmake
[0.065s] -- Up-to-date: /home/daniel/vr_usv/install/vr_usv/share/vr_usv/cmake/vr_usvConfig-version.cmake
[0.065s] -- Up-to-date: /home/daniel/vr_usv/install/vr_usv/share/vr_usv/package.xml
[0.065s] Invoked command in '/home/daniel/vr_usv/build/vr_usv' returned '0': CMAKE_PREFIX_PATH=/opt/ros/humble /usr/bin/cmake --install /home/daniel/vr_usv/build/vr_usv
